<?xml version="1.0" encoding="UTF-8"?>
<!-- Generated by org.testng.reporters.JUnitReportReporter -->
<testsuite hostname="Santosh-PC" name="automationFramework.TestNG_Framework" tests="1" failures="0" timestamp="6 Mar 2017 16:02:11 GMT" time="107.824" errors="0">
  <testcase name="main" time="107.824" classname="automationFramework.TestNG_Framework"/>
</testsuite> <!-- automationFramework.TestNG_Framework -->
